<?xml version="1.0" encoding="UTF-8"?>
<testng-results retried="1" ignored="0" total="5" passed="3" failed="1" skipped="0">
  <reporter-output>
  </reporter-output>
  <suite started-at="2022-09-04T14:25:50 PST" name="Suite" finished-at="2022-09-04T14:26:26 PST" duration-ms="35512">
    <groups>
      <group name="purchaseProduct">
        <method signature="SubmitOrder.BuyProductFlow(java.util.HashMap)[pri:0, instance:Automation.E2EFrameworkNew.SubmitOrder@11392934]" name="BuyProductFlow" class="Automation.E2EFrameworkNew.SubmitOrder"/>
      </group> <!-- purchaseProduct -->
      <group name="Error Validation">
        <method signature="errorLoginValidation.ErrorLoginValidation()[pri:0, instance:Automation.E2EFrameworkNew.errorLoginValidation@183ec003]" name="ErrorLoginValidation" class="Automation.E2EFrameworkNew.errorLoginValidation"/>
      </group> <!-- Error Validation -->
    </groups>
    <test started-at="2022-09-04T14:25:50 PST" name="Test Error Validation" finished-at="2022-09-04T14:26:13 PST" duration-ms="22517">
      <class name="Automation.E2EFrameworkNew.errorLoginValidation">
        <test-method is-config="true" signature="GoToSite()[pri:0, instance:Automation.E2EFrameworkNew.errorLoginValidation@183ec003]" started-at="2022-09-04T14:25:50 PST" name="GoToSite" finished-at="2022-09-04T14:26:06 PST" duration-ms="15656" status="PASS">
          <reporter-output>
          </reporter-output>
        </test-method> <!-- GoToSite -->
        <test-method retried="true" signature="ErrorLoginValidation()[pri:0, instance:Automation.E2EFrameworkNew.errorLoginValidation@183ec003]" started-at="2022-09-04T14:26:06 PST" name="ErrorLoginValidation" finished-at="2022-09-04T14:26:07 PST" duration-ms="769" status="SKIP">
          <exception class="java.lang.AssertionError">
            <message>
              <![CDATA[expected [Incorrect email1 or password.] but found []]]>
            </message>
            <full-stacktrace>
              <![CDATA[java.lang.AssertionError: expected [Incorrect email1 or password.] but found []
at org.testng.Assert.fail(Assert.java:99)
at org.testng.Assert.failNotEquals(Assert.java:1037)
at org.testng.Assert.assertEqualsImpl(Assert.java:140)
at org.testng.Assert.assertEquals(Assert.java:122)
at org.testng.Assert.assertEquals(Assert.java:629)
at org.testng.Assert.assertEquals(Assert.java:639)
at Automation.E2EFrameworkNew.errorLoginValidation.ErrorLoginValidation(errorLoginValidation.java:14)
at java.base/jdk.internal.reflect.NativeMethodAccessorImpl.invoke0(Native Method)
at java.base/jdk.internal.reflect.NativeMethodAccessorImpl.invoke(NativeMethodAccessorImpl.java:77)
at java.base/jdk.internal.reflect.DelegatingMethodAccessorImpl.invoke(DelegatingMethodAccessorImpl.java:43)
at java.base/java.lang.reflect.Method.invoke(Method.java:568)
at org.testng.internal.MethodInvocationHelper.invokeMethod(MethodInvocationHelper.java:133)
at org.testng.internal.TestInvoker.invokeMethod(TestInvoker.java:598)
at org.testng.internal.TestInvoker.invokeTestMethod(TestInvoker.java:173)
at org.testng.internal.MethodRunner.runInSequence(MethodRunner.java:46)
at org.testng.internal.TestInvoker$MethodInvocationAgent.invoke(TestInvoker.java:824)
at org.testng.internal.TestInvoker.invokeTestMethods(TestInvoker.java:146)
at org.testng.internal.TestMethodWorker.invokeTestMethods(TestMethodWorker.java:146)
at org.testng.internal.TestMethodWorker.run(TestMethodWorker.java:128)
at java.base/java.util.ArrayList.forEach(ArrayList.java:1511)
at org.testng.TestRunner.privateRun(TestRunner.java:794)
at org.testng.TestRunner.run(TestRunner.java:596)
at org.testng.SuiteRunner.runTest(SuiteRunner.java:377)
at org.testng.SuiteRunner.access$000(SuiteRunner.java:28)
at org.testng.SuiteRunner$SuiteWorker.run(SuiteRunner.java:418)
at org.testng.internal.thread.ThreadUtil.lambda$execute$0(ThreadUtil.java:64)
at java.base/java.util.concurrent.FutureTask.run(FutureTask.java:264)
at java.base/java.util.concurrent.ThreadPoolExecutor.runWorker(ThreadPoolExecutor.java:1136)
at java.base/java.util.concurrent.ThreadPoolExecutor$Worker.run(ThreadPoolExecutor.java:635)
at java.base/java.lang.Thread.run(Thread.java:833)
]]>
            </full-stacktrace>
          </exception> <!-- java.lang.AssertionError -->
          <reporter-output>
          </reporter-output>
        </test-method> <!-- ErrorLoginValidation -->
        <test-method is-config="true" signature="CloseSite()[pri:0, instance:Automation.E2EFrameworkNew.errorLoginValidation@183ec003]" started-at="2022-09-04T14:26:07 PST" name="CloseSite" finished-at="2022-09-04T14:26:07 PST" duration-ms="197" status="PASS">
          <reporter-output>
          </reporter-output>
        </test-method> <!-- CloseSite -->
        <test-method is-config="true" signature="GoToSite()[pri:0, instance:Automation.E2EFrameworkNew.errorLoginValidation@183ec003]" started-at="2022-09-04T14:26:07 PST" name="GoToSite" finished-at="2022-09-04T14:26:12 PST" duration-ms="4733" status="PASS">
          <reporter-output>
          </reporter-output>
        </test-method> <!-- GoToSite -->
        <test-method signature="ErrorLoginValidation()[pri:0, instance:Automation.E2EFrameworkNew.errorLoginValidation@183ec003]" started-at="2022-09-04T14:26:12 PST" name="ErrorLoginValidation" finished-at="2022-09-04T14:26:13 PST" duration-ms="697" status="FAIL">
          <exception class="java.lang.AssertionError">
            <message>
              <![CDATA[expected [Incorrect email1 or password.] but found [Incorrect email or password.]]]>
            </message>
            <full-stacktrace>
              <![CDATA[java.lang.AssertionError: expected [Incorrect email1 or password.] but found [Incorrect email or password.]
at org.testng.Assert.fail(Assert.java:99)
at org.testng.Assert.failNotEquals(Assert.java:1037)
at org.testng.Assert.assertEqualsImpl(Assert.java:140)
at org.testng.Assert.assertEquals(Assert.java:122)
at org.testng.Assert.assertEquals(Assert.java:629)
at org.testng.Assert.assertEquals(Assert.java:639)
at Automation.E2EFrameworkNew.errorLoginValidation.ErrorLoginValidation(errorLoginValidation.java:14)
at java.base/jdk.internal.reflect.NativeMethodAccessorImpl.invoke0(Native Method)
at java.base/jdk.internal.reflect.NativeMethodAccessorImpl.invoke(NativeMethodAccessorImpl.java:77)
at java.base/jdk.internal.reflect.DelegatingMethodAccessorImpl.invoke(DelegatingMethodAccessorImpl.java:43)
at java.base/java.lang.reflect.Method.invoke(Method.java:568)
at org.testng.internal.MethodInvocationHelper.invokeMethod(MethodInvocationHelper.java:133)
at org.testng.internal.TestInvoker.invokeMethod(TestInvoker.java:598)
at org.testng.internal.TestInvoker.retryFailed(TestInvoker.java:213)
at org.testng.internal.MethodRunner.runInSequence(MethodRunner.java:58)
at org.testng.internal.TestInvoker$MethodInvocationAgent.invoke(TestInvoker.java:824)
at org.testng.internal.TestInvoker.invokeTestMethods(TestInvoker.java:146)
at org.testng.internal.TestMethodWorker.invokeTestMethods(TestMethodWorker.java:146)
at org.testng.internal.TestMethodWorker.run(TestMethodWorker.java:128)
at java.base/java.util.ArrayList.forEach(ArrayList.java:1511)
at org.testng.TestRunner.privateRun(TestRunner.java:794)
at org.testng.TestRunner.run(TestRunner.java:596)
at org.testng.SuiteRunner.runTest(SuiteRunner.java:377)
at org.testng.SuiteRunner.access$000(SuiteRunner.java:28)
at org.testng.SuiteRunner$SuiteWorker.run(SuiteRunner.java:418)
at org.testng.internal.thread.ThreadUtil.lambda$execute$0(ThreadUtil.java:64)
at java.base/java.util.concurrent.FutureTask.run(FutureTask.java:264)
at java.base/java.util.concurrent.ThreadPoolExecutor.runWorker(ThreadPoolExecutor.java:1136)
at java.base/java.util.concurrent.ThreadPoolExecutor$Worker.run(ThreadPoolExecutor.java:635)
at java.base/java.lang.Thread.run(Thread.java:833)
]]>
            </full-stacktrace>
          </exception> <!-- java.lang.AssertionError -->
          <reporter-output>
          </reporter-output>
        </test-method> <!-- ErrorLoginValidation -->
        <test-method is-config="true" signature="CloseSite()[pri:0, instance:Automation.E2EFrameworkNew.errorLoginValidation@183ec003]" started-at="2022-09-04T14:26:13 PST" name="CloseSite" finished-at="2022-09-04T14:26:13 PST" duration-ms="143" status="PASS">
          <reporter-output>
          </reporter-output>
        </test-method> <!-- CloseSite -->
      </class> <!-- Automation.E2EFrameworkNew.errorLoginValidation -->
    </test> <!-- Test Error Validation -->
    <test started-at="2022-09-04T14:25:50 PST" name="Test Order Product" finished-at="2022-09-04T14:26:26 PST" duration-ms="35512">
      <class name="Automation.E2EFrameworkNew.SubmitOrder">
        <test-method is-config="true" signature="GoToSite()[pri:0, instance:Automation.E2EFrameworkNew.SubmitOrder@11392934]" started-at="2022-09-04T14:25:51 PST" name="GoToSite" finished-at="2022-09-04T14:26:03 PST" duration-ms="12036" status="PASS">
          <reporter-output>
          </reporter-output>
        </test-method> <!-- GoToSite -->
        <test-method signature="BuyProductFlow(java.util.HashMap)[pri:0, instance:Automation.E2EFrameworkNew.SubmitOrder@11392934]" started-at="2022-09-04T14:26:03 PST" name="BuyProductFlow" data-provider="data-provider" finished-at="2022-09-04T14:26:09 PST" duration-ms="5976" status="PASS">
          <params>
            <param index="0">
              <value>
                <![CDATA[{password=Testing123, product=IPHONE 13 PRO, email=johnhbomb310@gmail.com}]]>
              </value>
            </param>
          </params>
          <reporter-output>
          </reporter-output>
        </test-method> <!-- BuyProductFlow -->
        <test-method is-config="true" signature="CloseSite()[pri:0, instance:Automation.E2EFrameworkNew.SubmitOrder@11392934]" started-at="2022-09-04T14:26:09 PST" name="CloseSite" finished-at="2022-09-04T14:26:09 PST" duration-ms="171" status="PASS">
          <reporter-output>
          </reporter-output>
        </test-method> <!-- CloseSite -->
        <test-method is-config="true" signature="GoToSite()[pri:0, instance:Automation.E2EFrameworkNew.SubmitOrder@11392934]" started-at="2022-09-04T14:26:09 PST" name="GoToSite" finished-at="2022-09-04T14:26:14 PST" duration-ms="4971" status="PASS">
          <reporter-output>
          </reporter-output>
        </test-method> <!-- GoToSite -->
        <test-method signature="BuyProductFlow(java.util.HashMap)[pri:0, instance:Automation.E2EFrameworkNew.SubmitOrder@11392934]" started-at="2022-09-04T14:26:14 PST" name="BuyProductFlow" data-provider="data-provider" finished-at="2022-09-04T14:26:20 PST" duration-ms="5716" status="PASS">
          <params>
            <param index="0">
              <value>
                <![CDATA[{password=Testing123, product=ADIDAS ORIGINAL, email=johnhbomb310@gmail.com}]]>
              </value>
            </param>
          </params>
          <reporter-output>
          </reporter-output>
        </test-method> <!-- BuyProductFlow -->
        <test-method is-config="true" signature="CloseSite()[pri:0, instance:Automation.E2EFrameworkNew.SubmitOrder@11392934]" started-at="2022-09-04T14:26:20 PST" name="CloseSite" finished-at="2022-09-04T14:26:20 PST" duration-ms="123" status="PASS">
          <reporter-output>
          </reporter-output>
        </test-method> <!-- CloseSite -->
        <test-method is-config="true" signature="GoToSite()[pri:0, instance:Automation.E2EFrameworkNew.SubmitOrder@11392934]" started-at="2022-09-04T14:26:20 PST" name="GoToSite" finished-at="2022-09-04T14:26:24 PST" duration-ms="4620" status="PASS">
          <reporter-output>
          </reporter-output>
        </test-method> <!-- GoToSite -->
        <test-method signature="ValidateOrderInHistory()[pri:0, instance:Automation.E2EFrameworkNew.SubmitOrder@11392934]" started-at="2022-09-04T14:26:24 PST" name="ValidateOrderInHistory" finished-at="2022-09-04T14:26:26 PST" depends-on-methods="Automation.E2EFrameworkNew.SubmitOrder.BuyProductFlow" duration-ms="1305" status="PASS">
          <reporter-output>
          </reporter-output>
        </test-method> <!-- ValidateOrderInHistory -->
        <test-method is-config="true" signature="CloseSite()[pri:0, instance:Automation.E2EFrameworkNew.SubmitOrder@11392934]" started-at="2022-09-04T14:26:26 PST" name="CloseSite" finished-at="2022-09-04T14:26:26 PST" duration-ms="150" status="PASS">
          <reporter-output>
          </reporter-output>
        </test-method> <!-- CloseSite -->
      </class> <!-- Automation.E2EFrameworkNew.SubmitOrder -->
    </test> <!-- Test Order Product -->
  </suite> <!-- Suite -->
</testng-results>
